<?xml version="1.0" encoding="UTF-8"?>
<testng-results skipped="0" failed="0" total="1" passed="1">
  <reporter-output>
  </reporter-output>
  <suite name="Default suite" duration-ms="214734" started-at="2016-11-15T05:10:13Z" finished-at="2016-11-15T05:13:47Z">
    <groups>
      <group name="functional">
        <method signature="StressTest.runParallelConversions()[pri:0, instance:org.artofsolving.jodconverter.StressTest@28474070]" name="runParallelConversions" class="org.artofsolving.jodconverter.StressTest"/>
      </group> <!-- functional -->
    </groups>
    <test name="Default test" duration-ms="214734" started-at="2016-11-15T05:10:13Z" finished-at="2016-11-15T05:13:47Z">
      <class name="org.artofsolving.jodconverter.StressTest">
        <test-method status="PASS" signature="runParallelConversions()[pri:0, instance:org.artofsolving.jodconverter.StressTest@28474070]" test-instance-name="" name="runParallelConversions" duration-ms="214704" started-at="2016-11-15T00:10:13Z" finished-at="2016-11-15T00:13:47Z">
          <reporter-output>
          </reporter-output>
        </test-method> <!-- runParallelConversions -->
      </class> <!-- org.artofsolving.jodconverter.StressTest -->
    </test> <!-- Default test -->
  </suite> <!-- Default suite -->
</testng-results>
